<?xml version="1.0" encoding="UTF-8"?>
<testng-results ignored="0" total="1" passed="1" failed="0" skipped="0">
  <reporter-output>
  </reporter-output>
  <suite started-at="2019-02-21T02:15:14Z" name="Surefire suite" finished-at="2019-02-21T02:15:14Z" duration-ms="160">
    <groups>
    </groups>
    <test started-at="2019-02-21T02:15:14Z" name="Surefire test" finished-at="2019-02-21T02:15:14Z" duration-ms="160">
      <class name="com.pack.tests.GrpTest">
        <test-method signature="test()[pri:0, instance:com.pack.tests.GrpTest@43301423]" started-at="2019-02-21T02:15:14Z" name="test" finished-at="2019-02-21T02:15:14Z" duration-ms="42" status="PASS">
          <reporter-output>
          </reporter-output>
        </test-method> <!-- test -->
      </class> <!-- com.pack.tests.GrpTest -->
    </test> <!-- Surefire test -->
  </suite> <!-- Surefire suite -->
</testng-results>
