<?xml version="1.0" encoding="UTF-8"?>
<testng-results skipped="0" failed="0" ignored="0" total="1" passed="1">
  <reporter-output>
  </reporter-output>
  <suite name="Default suite" duration-ms="130" started-at="2019-02-20T04:36:05Z" finished-at="2019-02-20T04:36:06Z">
    <groups>
    </groups>
    <test name="Default test" duration-ms="130" started-at="2019-02-20T04:36:05Z" finished-at="2019-02-20T04:36:06Z">
      <class name="com.pack.test.maventest">
        <test-method status="PASS" signature="test()[pri:0, instance:com.pack.test.maventest@51565ec2]" name="test" duration-ms="32" started-at="2019-02-20T04:36:06Z" finished-at="2019-02-20T04:36:06Z">
          <reporter-output>
          </reporter-output>
        </test-method> <!-- test -->
      </class> <!-- com.pack.test.maventest -->
    </test> <!-- Default test -->
  </suite> <!-- Default suite -->
</testng-results>
